The system is: Linux - 4.19.121-linuxkit - x86_64
Compiling the C compiler identification source file "CMakeCCompilerId.c" succeeded.
Compiler: /opt/conda/envs/development/bin/clang 
Build flags: -march=nocona;-mtune=haswell;-ftree-vectorize;-fPIC;-fstack-protector-strong;-fno-plt;-O2;-ffunction-sections;-pipe;-isystem;/opt/conda/envs/development/include
Id flags:  

The output was:
0


Compilation of the C compiler identification source "CMakeCCompilerId.c" produced "a.out"

The C compiler identification is Clang, found in "/workspaces/anguilla/_cxx_experiments_build/CMakeFiles/3.19.4/CompilerIdC/a.out"

Compiling the CXX compiler identification source file "CMakeCXXCompilerId.cpp" succeeded.
Compiler: /opt/conda/envs/development/bin/clang++ 
Build flags: -stdlib=libstdc++
Id flags:  

The output was:
0


Compilation of the CXX compiler identification source "CMakeCXXCompilerId.cpp" produced "a.out"

The CXX compiler identification is Clang, found in "/workspaces/anguilla/_cxx_experiments_build/CMakeFiles/3.19.4/CompilerIdCXX/a.out"

Detecting C compiler ABI info compiled with the following output:
Change Dir: /workspaces/anguilla/_cxx_experiments_build/CMakeFiles/CMakeTmp

Run Build Command(s):/opt/conda/envs/development/bin/make cmTC_85dd1/fast && make[1]: Entering directory '/workspaces/anguilla/_cxx_experiments_build/CMakeFiles/CMakeTmp'
/opt/conda/envs/development/bin/make  -f CMakeFiles/cmTC_85dd1.dir/build.make CMakeFiles/cmTC_85dd1.dir/build
make[2]: Entering directory '/workspaces/anguilla/_cxx_experiments_build/CMakeFiles/CMakeTmp'
Building C object CMakeFiles/cmTC_85dd1.dir/CMakeCCompilerABI.c.o
/opt/conda/envs/development/bin/clang   -march=nocona -mtune=haswell -ftree-vectorize -fPIC -fstack-protector-strong -fno-plt -O2 -ffunction-sections -pipe -isystem /opt/conda/envs/development/include    -v -o CMakeFiles/cmTC_85dd1.dir/CMakeCCompilerABI.c.o -c /opt/conda/envs/development/share/cmake-3.19/Modules/CMakeCCompilerABI.c
clang version 11.0.1 (https://github.com/conda-forge/clangdev-feedstock 9fbb64b62ff49e9d206a06e62453b27557b3ed73)
Target: x86_64-unknown-linux-gnu
Thread model: posix
InstalledDir: /opt/conda/envs/development/bin
Found candidate GCC installation: /opt/conda/envs/development/bin/../lib/gcc/x86_64-conda-linux-gnu/9.3.0
Selected GCC installation: /opt/conda/envs/development/bin/../lib/gcc/x86_64-conda-linux-gnu/9.3.0
Candidate multilib: .;@m64
Selected multilib: .;@m64
 (in-process)
 "/opt/conda/envs/development/bin/clang-11" -cc1 -triple x86_64-unknown-linux-gnu -emit-obj -disable-free -disable-llvm-verifier -discard-value-names -main-file-name CMakeCCompilerABI.c -mrelocation-model pic -pic-level 2 -mframe-pointer=none -fmath-errno -fno-rounding-math -mconstructor-aliases -fno-plt -munwind-tables -target-cpu nocona -fno-split-dwarf-inlining -debugger-tuning=gdb -v -ffunction-sections -resource-dir /opt/conda/envs/development/lib/clang/11.0.1 -isystem /opt/conda/envs/development/include -isysroot /opt/conda/envs/development/x86_64-conda-linux-gnu/sysroot -internal-isystem /opt/conda/envs/development/x86_64-conda-linux-gnu/sysroot/usr/local/include -internal-isystem /opt/conda/envs/development/lib/clang/11.0.1/include -internal-externc-isystem /opt/conda/envs/development/x86_64-conda-linux-gnu/sysroot/include -internal-externc-isystem /opt/conda/envs/development/x86_64-conda-linux-gnu/sysroot/usr/include -O2 -fdebug-compilation-dir /workspaces/anguilla/_cxx_experiments_build/CMakeFiles/CMakeTmp -ferror-limit 19 -stack-protector 2 -fgnuc-version=4.2.1 -vectorize-loops -vectorize-slp -faddrsig -o CMakeFiles/cmTC_85dd1.dir/CMakeCCompilerABI.c.o -x c /opt/conda/envs/development/share/cmake-3.19/Modules/CMakeCCompilerABI.c
clang -cc1 version 11.0.1 based upon LLVM 11.0.1 default target x86_64-unknown-linux-gnu
ignoring nonexistent directory "/opt/conda/envs/development/x86_64-conda-linux-gnu/sysroot/usr/local/include"
ignoring nonexistent directory "/opt/conda/envs/development/x86_64-conda-linux-gnu/sysroot/include"
#include "..." search starts here:
#include <...> search starts here:
 /opt/conda/envs/development/include
 /opt/conda/envs/development/lib/clang/11.0.1/include
 /opt/conda/envs/development/x86_64-conda-linux-gnu/sysroot/usr/include
End of search list.
Linking C executable cmTC_85dd1
/opt/conda/envs/development/bin/cmake -E cmake_link_script CMakeFiles/cmTC_85dd1.dir/link.txt --verbose=1
/opt/conda/envs/development/bin/clang -march=nocona -mtune=haswell -ftree-vectorize -fPIC -fstack-protector-strong -fno-plt -O2 -ffunction-sections -pipe -isystem /opt/conda/envs/development/include  -Wl,-O2 -Wl,--sort-common -Wl,--as-needed -Wl,-z,relro -Wl,-z,now -Wl,--disable-new-dtags -Wl,--gc-sections -Wl,-rpath,/opt/conda/envs/development/lib -Wl,-rpath-link,/opt/conda/envs/development/lib -L/opt/conda/envs/development/lib -v CMakeFiles/cmTC_85dd1.dir/CMakeCCompilerABI.c.o -o cmTC_85dd1 
clang version 11.0.1 (https://github.com/conda-forge/clangdev-feedstock 9fbb64b62ff49e9d206a06e62453b27557b3ed73)
Target: x86_64-unknown-linux-gnu
Thread model: posix
InstalledDir: /opt/conda/envs/development/bin
Found candidate GCC installation: /opt/conda/envs/development/bin/../lib/gcc/x86_64-conda-linux-gnu/9.3.0
Selected GCC installation: /opt/conda/envs/development/bin/../lib/gcc/x86_64-conda-linux-gnu/9.3.0
Candidate multilib: .;@m64
Selected multilib: .;@m64
 "/opt/conda/envs/development/bin/../lib/gcc/x86_64-conda-linux-gnu/9.3.0/../../../../x86_64-conda-linux-gnu/bin/ld" --sysroot=/opt/conda/envs/development/x86_64-conda-linux-gnu/sysroot -z relro --hash-style=gnu --eh-frame-hdr -m elf_x86_64 -dynamic-linker /lib64/ld-linux-x86-64.so.2 -o cmTC_85dd1 /opt/conda/envs/development/x86_64-conda-linux-gnu/sysroot/usr/lib/../lib64/crt1.o /opt/conda/envs/development/x86_64-conda-linux-gnu/sysroot/usr/lib/../lib64/crti.o /opt/conda/envs/development/bin/../lib/gcc/x86_64-conda-linux-gnu/9.3.0/crtbegin.o -L/opt/conda/envs/development/lib -L/opt/conda/envs/development/bin/../lib/gcc/x86_64-conda-linux-gnu/9.3.0 -L/opt/conda/envs/development/x86_64-conda-linux-gnu/sysroot/lib/../lib64 -L/opt/conda/envs/development/x86_64-conda-linux-gnu/sysroot/usr/lib/../lib64 -L/opt/conda/envs/development/bin/../lib/gcc/x86_64-conda-linux-gnu/9.3.0/../../../../x86_64-conda-linux-gnu/lib -L/opt/conda/envs/development/x86_64-conda-linux-gnu/sysroot/lib -L/opt/conda/envs/development/x86_64-conda-linux-gnu/sysroot/usr/lib -O2 --sort-common --as-needed -z relro -z now --disable-new-dtags --gc-sections -rpath /opt/conda/envs/development/lib -rpath-link /opt/conda/envs/development/lib CMakeFiles/cmTC_85dd1.dir/CMakeCCompilerABI.c.o -lgcc --as-needed -lgcc_s --no-as-needed -lc -lgcc --as-needed -lgcc_s --no-as-needed /opt/conda/envs/development/bin/../lib/gcc/x86_64-conda-linux-gnu/9.3.0/crtend.o /opt/conda/envs/development/x86_64-conda-linux-gnu/sysroot/usr/lib/../lib64/crtn.o
make[2]: Leaving directory '/workspaces/anguilla/_cxx_experiments_build/CMakeFiles/CMakeTmp'
make[1]: Leaving directory '/workspaces/anguilla/_cxx_experiments_build/CMakeFiles/CMakeTmp'



Parsed C implicit include dir info from above output: rv=done
  found start of include info
  found start of implicit include info
    add: [/opt/conda/envs/development/include]
    add: [/opt/conda/envs/development/lib/clang/11.0.1/include]
    add: [/opt/conda/envs/development/x86_64-conda-linux-gnu/sysroot/usr/include]
  end of search list found
  collapse include dir [/opt/conda/envs/development/include] ==> [/opt/conda/envs/development/include]
  collapse include dir [/opt/conda/envs/development/lib/clang/11.0.1/include] ==> [/opt/conda/envs/development/lib/clang/11.0.1/include]
  collapse include dir [/opt/conda/envs/development/x86_64-conda-linux-gnu/sysroot/usr/include] ==> [/opt/conda/envs/development/x86_64-conda-linux-gnu/sysroot/usr/include]
  implicit include dirs: [/opt/conda/envs/development/include;/opt/conda/envs/development/lib/clang/11.0.1/include;/opt/conda/envs/development/x86_64-conda-linux-gnu/sysroot/usr/include]


Parsed C implicit link information from above output:
  link line regex: [^( *|.*[/\])(CMAKE_LINKER-NOTFOUND|CMAKE_LINK_STARTFILE-NOTFOUND|([^/\]+-)?ld|collect2)[^/\]*( |$)]
  ignore line: [Change Dir: /workspaces/anguilla/_cxx_experiments_build/CMakeFiles/CMakeTmp]
  ignore line: []
  ignore line: [Run Build Command(s):/opt/conda/envs/development/bin/make cmTC_85dd1/fast && make[1]: Entering directory '/workspaces/anguilla/_cxx_experiments_build/CMakeFiles/CMakeTmp']
  ignore line: [/opt/conda/envs/development/bin/make  -f CMakeFiles/cmTC_85dd1.dir/build.make CMakeFiles/cmTC_85dd1.dir/build]
  ignore line: [make[2]: Entering directory '/workspaces/anguilla/_cxx_experiments_build/CMakeFiles/CMakeTmp']
  ignore line: [Building C object CMakeFiles/cmTC_85dd1.dir/CMakeCCompilerABI.c.o]
  ignore line: [/opt/conda/envs/development/bin/clang   -march=nocona -mtune=haswell -ftree-vectorize -fPIC -fstack-protector-strong -fno-plt -O2 -ffunction-sections -pipe -isystem /opt/conda/envs/development/include    -v -o CMakeFiles/cmTC_85dd1.dir/CMakeCCompilerABI.c.o -c /opt/conda/envs/development/share/cmake-3.19/Modules/CMakeCCompilerABI.c]
  ignore line: [clang version 11.0.1 (https://github.com/conda-forge/clangdev-feedstock 9fbb64b62ff49e9d206a06e62453b27557b3ed73)]
  ignore line: [Target: x86_64-unknown-linux-gnu]
  ignore line: [Thread model: posix]
  ignore line: [InstalledDir: /opt/conda/envs/development/bin]
  ignore line: [Found candidate GCC installation: /opt/conda/envs/development/bin/../lib/gcc/x86_64-conda-linux-gnu/9.3.0]
  ignore line: [Selected GCC installation: /opt/conda/envs/development/bin/../lib/gcc/x86_64-conda-linux-gnu/9.3.0]
  ignore line: [Candidate multilib: .]
  ignore line: [@m64]
  ignore line: [Selected multilib: .]
  ignore line: [@m64]
  ignore line: [ (in-process)]
  ignore line: [ "/opt/conda/envs/development/bin/clang-11" -cc1 -triple x86_64-unknown-linux-gnu -emit-obj -disable-free -disable-llvm-verifier -discard-value-names -main-file-name CMakeCCompilerABI.c -mrelocation-model pic -pic-level 2 -mframe-pointer=none -fmath-errno -fno-rounding-math -mconstructor-aliases -fno-plt -munwind-tables -target-cpu nocona -fno-split-dwarf-inlining -debugger-tuning=gdb -v -ffunction-sections -resource-dir /opt/conda/envs/development/lib/clang/11.0.1 -isystem /opt/conda/envs/development/include -isysroot /opt/conda/envs/development/x86_64-conda-linux-gnu/sysroot -internal-isystem /opt/conda/envs/development/x86_64-conda-linux-gnu/sysroot/usr/local/include -internal-isystem /opt/conda/envs/development/lib/clang/11.0.1/include -internal-externc-isystem /opt/conda/envs/development/x86_64-conda-linux-gnu/sysroot/include -internal-externc-isystem /opt/conda/envs/development/x86_64-conda-linux-gnu/sysroot/usr/include -O2 -fdebug-compilation-dir /workspaces/anguilla/_cxx_experiments_build/CMakeFiles/CMakeTmp -ferror-limit 19 -stack-protector 2 -fgnuc-version=4.2.1 -vectorize-loops -vectorize-slp -faddrsig -o CMakeFiles/cmTC_85dd1.dir/CMakeCCompilerABI.c.o -x c /opt/conda/envs/development/share/cmake-3.19/Modules/CMakeCCompilerABI.c]
  ignore line: [clang -cc1 version 11.0.1 based upon LLVM 11.0.1 default target x86_64-unknown-linux-gnu]
  ignore line: [ignoring nonexistent directory "/opt/conda/envs/development/x86_64-conda-linux-gnu/sysroot/usr/local/include"]
  ignore line: [ignoring nonexistent directory "/opt/conda/envs/development/x86_64-conda-linux-gnu/sysroot/include"]
  ignore line: [#include "..." search starts here:]
  ignore line: [#include <...> search starts here:]
  ignore line: [ /opt/conda/envs/development/include]
  ignore line: [ /opt/conda/envs/development/lib/clang/11.0.1/include]
  ignore line: [ /opt/conda/envs/development/x86_64-conda-linux-gnu/sysroot/usr/include]
  ignore line: [End of search list.]
  ignore line: [Linking C executable cmTC_85dd1]
  ignore line: [/opt/conda/envs/development/bin/cmake -E cmake_link_script CMakeFiles/cmTC_85dd1.dir/link.txt --verbose=1]
  ignore line: [/opt/conda/envs/development/bin/clang -march=nocona -mtune=haswell -ftree-vectorize -fPIC -fstack-protector-strong -fno-plt -O2 -ffunction-sections -pipe -isystem /opt/conda/envs/development/include  -Wl -O2 -Wl --sort-common -Wl --as-needed -Wl -z relro -Wl -z now -Wl --disable-new-dtags -Wl --gc-sections -Wl -rpath /opt/conda/envs/development/lib -Wl -rpath-link /opt/conda/envs/development/lib -L/opt/conda/envs/development/lib -v CMakeFiles/cmTC_85dd1.dir/CMakeCCompilerABI.c.o -o cmTC_85dd1 ]
  ignore line: [clang version 11.0.1 (https://github.com/conda-forge/clangdev-feedstock 9fbb64b62ff49e9d206a06e62453b27557b3ed73)]
  ignore line: [Target: x86_64-unknown-linux-gnu]
  ignore line: [Thread model: posix]
  ignore line: [InstalledDir: /opt/conda/envs/development/bin]
  ignore line: [Found candidate GCC installation: /opt/conda/envs/development/bin/../lib/gcc/x86_64-conda-linux-gnu/9.3.0]
  ignore line: [Selected GCC installation: /opt/conda/envs/development/bin/../lib/gcc/x86_64-conda-linux-gnu/9.3.0]
  ignore line: [Candidate multilib: .]
  ignore line: [@m64]
  ignore line: [Selected multilib: .]
  ignore line: [@m64]
  link line: [ "/opt/conda/envs/development/bin/../lib/gcc/x86_64-conda-linux-gnu/9.3.0/../../../../x86_64-conda-linux-gnu/bin/ld" --sysroot=/opt/conda/envs/development/x86_64-conda-linux-gnu/sysroot -z relro --hash-style=gnu --eh-frame-hdr -m elf_x86_64 -dynamic-linker /lib64/ld-linux-x86-64.so.2 -o cmTC_85dd1 /opt/conda/envs/development/x86_64-conda-linux-gnu/sysroot/usr/lib/../lib64/crt1.o /opt/conda/envs/development/x86_64-conda-linux-gnu/sysroot/usr/lib/../lib64/crti.o /opt/conda/envs/development/bin/../lib/gcc/x86_64-conda-linux-gnu/9.3.0/crtbegin.o -L/opt/conda/envs/development/lib -L/opt/conda/envs/development/bin/../lib/gcc/x86_64-conda-linux-gnu/9.3.0 -L/opt/conda/envs/development/x86_64-conda-linux-gnu/sysroot/lib/../lib64 -L/opt/conda/envs/development/x86_64-conda-linux-gnu/sysroot/usr/lib/../lib64 -L/opt/conda/envs/development/bin/../lib/gcc/x86_64-conda-linux-gnu/9.3.0/../../../../x86_64-conda-linux-gnu/lib -L/opt/conda/envs/development/x86_64-conda-linux-gnu/sysroot/lib -L/opt/conda/envs/development/x86_64-conda-linux-gnu/sysroot/usr/lib -O2 --sort-common --as-needed -z relro -z now --disable-new-dtags --gc-sections -rpath /opt/conda/envs/development/lib -rpath-link /opt/conda/envs/development/lib CMakeFiles/cmTC_85dd1.dir/CMakeCCompilerABI.c.o -lgcc --as-needed -lgcc_s --no-as-needed -lc -lgcc --as-needed -lgcc_s --no-as-needed /opt/conda/envs/development/bin/../lib/gcc/x86_64-conda-linux-gnu/9.3.0/crtend.o /opt/conda/envs/development/x86_64-conda-linux-gnu/sysroot/usr/lib/../lib64/crtn.o]
    arg [/opt/conda/envs/development/bin/../lib/gcc/x86_64-conda-linux-gnu/9.3.0/../../../../x86_64-conda-linux-gnu/bin/ld] ==> ignore
    arg [--sysroot=/opt/conda/envs/development/x86_64-conda-linux-gnu/sysroot] ==> ignore
    arg [-zrelro] ==> ignore
    arg [--hash-style=gnu] ==> ignore
    arg [--eh-frame-hdr] ==> ignore
    arg [-m] ==> ignore
    arg [elf_x86_64] ==> ignore
    arg [-dynamic-linker] ==> ignore
    arg [/lib64/ld-linux-x86-64.so.2] ==> ignore
    arg [-o] ==> ignore
    arg [cmTC_85dd1] ==> ignore
    arg [/opt/conda/envs/development/x86_64-conda-linux-gnu/sysroot/usr/lib/../lib64/crt1.o] ==> ignore
    arg [/opt/conda/envs/development/x86_64-conda-linux-gnu/sysroot/usr/lib/../lib64/crti.o] ==> ignore
    arg [/opt/conda/envs/development/bin/../lib/gcc/x86_64-conda-linux-gnu/9.3.0/crtbegin.o] ==> ignore
    arg [-L/opt/conda/envs/development/lib] ==> dir [/opt/conda/envs/development/lib]
    arg [-L/opt/conda/envs/development/bin/../lib/gcc/x86_64-conda-linux-gnu/9.3.0] ==> dir [/opt/conda/envs/development/bin/../lib/gcc/x86_64-conda-linux-gnu/9.3.0]
    arg [-L/opt/conda/envs/development/x86_64-conda-linux-gnu/sysroot/lib/../lib64] ==> dir [/opt/conda/envs/development/x86_64-conda-linux-gnu/sysroot/lib/../lib64]
    arg [-L/opt/conda/envs/development/x86_64-conda-linux-gnu/sysroot/usr/lib/../lib64] ==> dir [/opt/conda/envs/development/x86_64-conda-linux-gnu/sysroot/usr/lib/../lib64]
    arg [-L/opt/conda/envs/development/bin/../lib/gcc/x86_64-conda-linux-gnu/9.3.0/../../../../x86_64-conda-linux-gnu/lib] ==> dir [/opt/conda/envs/development/bin/../lib/gcc/x86_64-conda-linux-gnu/9.3.0/../../../../x86_64-conda-linux-gnu/lib]
    arg [-L/opt/conda/envs/development/x86_64-conda-linux-gnu/sysroot/lib] ==> dir [/opt/conda/envs/development/x86_64-conda-linux-gnu/sysroot/lib]
    arg [-L/opt/conda/envs/development/x86_64-conda-linux-gnu/sysroot/usr/lib] ==> dir [/opt/conda/envs/development/x86_64-conda-linux-gnu/sysroot/usr/lib]
    arg [-O2] ==> ignore
    arg [--sort-common] ==> ignore
    arg [--as-needed] ==> ignore
    arg [-zrelro] ==> ignore
    arg [-znow] ==> ignore
    arg [--disable-new-dtags] ==> ignore
    arg [--gc-sections] ==> ignore
    arg [-rpath] ==> ignore
    arg [/opt/conda/envs/development/lib] ==> ignore
    arg [-rpath-link] ==> ignore
    arg [/opt/conda/envs/development/lib] ==> ignore
    arg [CMakeFiles/cmTC_85dd1.dir/CMakeCCompilerABI.c.o] ==> ignore
    arg [-lgcc] ==> lib [gcc]
    arg [--as-needed] ==> ignore
    arg [-lgcc_s] ==> lib [gcc_s]
    arg [--no-as-needed] ==> ignore
    arg [-lc] ==> lib [c]
    arg [-lgcc] ==> lib [gcc]
    arg [--as-needed] ==> ignore
    arg [-lgcc_s] ==> lib [gcc_s]
    arg [--no-as-needed] ==> ignore
    arg [/opt/conda/envs/development/bin/../lib/gcc/x86_64-conda-linux-gnu/9.3.0/crtend.o] ==> ignore
    arg [/opt/conda/envs/development/x86_64-conda-linux-gnu/sysroot/usr/lib/../lib64/crtn.o] ==> ignore
  collapse library dir [/opt/conda/envs/development/lib] ==> [/opt/conda/envs/development/lib]
  collapse library dir [/opt/conda/envs/development/bin/../lib/gcc/x86_64-conda-linux-gnu/9.3.0] ==> [/opt/conda/envs/development/lib/gcc/x86_64-conda-linux-gnu/9.3.0]
  collapse library dir [/opt/conda/envs/development/x86_64-conda-linux-gnu/sysroot/lib/../lib64] ==> [/opt/conda/envs/development/x86_64-conda-linux-gnu/sysroot/lib64]
  collapse library dir [/opt/conda/envs/development/x86_64-conda-linux-gnu/sysroot/usr/lib/../lib64] ==> [/opt/conda/envs/development/x86_64-conda-linux-gnu/sysroot/usr/lib64]
  collapse library dir [/opt/conda/envs/development/bin/../lib/gcc/x86_64-conda-linux-gnu/9.3.0/../../../../x86_64-conda-linux-gnu/lib] ==> [/opt/conda/envs/development/x86_64-conda-linux-gnu/lib]
  collapse library dir [/opt/conda/envs/development/x86_64-conda-linux-gnu/sysroot/lib] ==> [/opt/conda/envs/development/x86_64-conda-linux-gnu/sysroot/lib]
  collapse library dir [/opt/conda/envs/development/x86_64-conda-linux-gnu/sysroot/usr/lib] ==> [/opt/conda/envs/development/x86_64-conda-linux-gnu/sysroot/usr/lib]
  implicit libs: [gcc;gcc_s;c;gcc;gcc_s]
  implicit dirs: [/opt/conda/envs/development/lib;/opt/conda/envs/development/lib/gcc/x86_64-conda-linux-gnu/9.3.0;/opt/conda/envs/development/x86_64-conda-linux-gnu/sysroot/lib64;/opt/conda/envs/development/x86_64-conda-linux-gnu/sysroot/usr/lib64;/opt/conda/envs/development/x86_64-conda-linux-gnu/lib;/opt/conda/envs/development/x86_64-conda-linux-gnu/sysroot/lib;/opt/conda/envs/development/x86_64-conda-linux-gnu/sysroot/usr/lib]
  implicit fwks: []


Detecting CXX compiler ABI info compiled with the following output:
Change Dir: /workspaces/anguilla/_cxx_experiments_build/CMakeFiles/CMakeTmp

Run Build Command(s):/opt/conda/envs/development/bin/make cmTC_80ce2/fast && make[1]: Entering directory '/workspaces/anguilla/_cxx_experiments_build/CMakeFiles/CMakeTmp'
/opt/conda/envs/development/bin/make  -f CMakeFiles/cmTC_80ce2.dir/build.make CMakeFiles/cmTC_80ce2.dir/build
make[2]: Entering directory '/workspaces/anguilla/_cxx_experiments_build/CMakeFiles/CMakeTmp'
Building CXX object CMakeFiles/cmTC_80ce2.dir/CMakeCXXCompilerABI.cpp.o
/opt/conda/envs/development/bin/clang++   -stdlib=libstdc++    -v -std=gnu++17 -o CMakeFiles/cmTC_80ce2.dir/CMakeCXXCompilerABI.cpp.o -c /opt/conda/envs/development/share/cmake-3.19/Modules/CMakeCXXCompilerABI.cpp
clang version 11.0.1 (https://github.com/conda-forge/clangdev-feedstock 9fbb64b62ff49e9d206a06e62453b27557b3ed73)
Target: x86_64-unknown-linux-gnu
Thread model: posix
InstalledDir: /opt/conda/envs/development/bin
Found candidate GCC installation: /opt/conda/envs/development/bin/../lib/gcc/x86_64-conda-linux-gnu/9.3.0
Selected GCC installation: /opt/conda/envs/development/bin/../lib/gcc/x86_64-conda-linux-gnu/9.3.0
Candidate multilib: .;@m64
Selected multilib: .;@m64
 (in-process)
 "/opt/conda/envs/development/bin/clang-11" -cc1 -triple x86_64-unknown-linux-gnu -emit-obj -mrelax-all -disable-free -disable-llvm-verifier -discard-value-names -main-file-name CMakeCXXCompilerABI.cpp -mrelocation-model static -mframe-pointer=all -fmath-errno -fno-rounding-math -mconstructor-aliases -munwind-tables -target-cpu x86-64 -fno-split-dwarf-inlining -debugger-tuning=gdb -v -resource-dir /opt/conda/envs/development/lib/clang/11.0.1 -isysroot /opt/conda/envs/development/x86_64-conda-linux-gnu/sysroot -internal-isystem /opt/conda/envs/development/bin/../lib/gcc/x86_64-conda-linux-gnu/9.3.0/../../../../x86_64-conda-linux-gnu/include/c++/9.3.0 -internal-isystem /opt/conda/envs/development/bin/../lib/gcc/x86_64-conda-linux-gnu/9.3.0/../../../../x86_64-conda-linux-gnu/include/c++/9.3.0/x86_64-conda-linux-gnu -internal-isystem /opt/conda/envs/development/bin/../lib/gcc/x86_64-conda-linux-gnu/9.3.0/../../../../x86_64-conda-linux-gnu/include/c++/9.3.0/backward -internal-isystem /opt/conda/envs/development/x86_64-conda-linux-gnu/sysroot/usr/local/include -internal-isystem /opt/conda/envs/development/lib/clang/11.0.1/include -internal-externc-isystem /opt/conda/envs/development/x86_64-conda-linux-gnu/sysroot/include -internal-externc-isystem /opt/conda/envs/development/x86_64-conda-linux-gnu/sysroot/usr/include -std=gnu++17 -fdeprecated-macro -fdebug-compilation-dir /workspaces/anguilla/_cxx_experiments_build/CMakeFiles/CMakeTmp -ferror-limit 19 -fgnuc-version=4.2.1 -fcxx-exceptions -fexceptions -faddrsig -o CMakeFiles/cmTC_80ce2.dir/CMakeCXXCompilerABI.cpp.o -x c++ /opt/conda/envs/development/share/cmake-3.19/Modules/CMakeCXXCompilerABI.cpp
clang -cc1 version 11.0.1 based upon LLVM 11.0.1 default target x86_64-unknown-linux-gnu
ignoring nonexistent directory "/opt/conda/envs/development/x86_64-conda-linux-gnu/sysroot/usr/local/include"
ignoring nonexistent directory "/opt/conda/envs/development/x86_64-conda-linux-gnu/sysroot/include"
#include "..." search starts here:
#include <...> search starts here:
 /opt/conda/envs/development/bin/../lib/gcc/x86_64-conda-linux-gnu/9.3.0/../../../../x86_64-conda-linux-gnu/include/c++/9.3.0
 /opt/conda/envs/development/bin/../lib/gcc/x86_64-conda-linux-gnu/9.3.0/../../../../x86_64-conda-linux-gnu/include/c++/9.3.0/x86_64-conda-linux-gnu
 /opt/conda/envs/development/bin/../lib/gcc/x86_64-conda-linux-gnu/9.3.0/../../../../x86_64-conda-linux-gnu/include/c++/9.3.0/backward
 /opt/conda/envs/development/lib/clang/11.0.1/include
 /opt/conda/envs/development/x86_64-conda-linux-gnu/sysroot/usr/include
End of search list.
Linking CXX executable cmTC_80ce2
/opt/conda/envs/development/bin/cmake -E cmake_link_script CMakeFiles/cmTC_80ce2.dir/link.txt --verbose=1
/opt/conda/envs/development/bin/clang++ -stdlib=libstdc++  -Wl,-O2 -Wl,--sort-common -Wl,--as-needed -Wl,-z,relro -Wl,-z,now -Wl,--disable-new-dtags -Wl,--gc-sections -Wl,-rpath,/opt/conda/envs/development/lib -Wl,-rpath-link,/opt/conda/envs/development/lib -L/opt/conda/envs/development/lib -v CMakeFiles/cmTC_80ce2.dir/CMakeCXXCompilerABI.cpp.o -o cmTC_80ce2 
clang version 11.0.1 (https://github.com/conda-forge/clangdev-feedstock 9fbb64b62ff49e9d206a06e62453b27557b3ed73)
Target: x86_64-unknown-linux-gnu
Thread model: posix
InstalledDir: /opt/conda/envs/development/bin
Found candidate GCC installation: /opt/conda/envs/development/bin/../lib/gcc/x86_64-conda-linux-gnu/9.3.0
Selected GCC installation: /opt/conda/envs/development/bin/../lib/gcc/x86_64-conda-linux-gnu/9.3.0
Candidate multilib: .;@m64
Selected multilib: .;@m64
 "/opt/conda/envs/development/bin/../lib/gcc/x86_64-conda-linux-gnu/9.3.0/../../../../x86_64-conda-linux-gnu/bin/ld" --sysroot=/opt/conda/envs/development/x86_64-conda-linux-gnu/sysroot -z relro --hash-style=gnu --eh-frame-hdr -m elf_x86_64 -dynamic-linker /lib64/ld-linux-x86-64.so.2 -o cmTC_80ce2 /opt/conda/envs/development/x86_64-conda-linux-gnu/sysroot/usr/lib/../lib64/crt1.o /opt/conda/envs/development/x86_64-conda-linux-gnu/sysroot/usr/lib/../lib64/crti.o /opt/conda/envs/development/bin/../lib/gcc/x86_64-conda-linux-gnu/9.3.0/crtbegin.o -L/opt/conda/envs/development/lib -L/opt/conda/envs/development/bin/../lib/gcc/x86_64-conda-linux-gnu/9.3.0 -L/opt/conda/envs/development/x86_64-conda-linux-gnu/sysroot/lib/../lib64 -L/opt/conda/envs/development/x86_64-conda-linux-gnu/sysroot/usr/lib/../lib64 -L/opt/conda/envs/development/bin/../lib/gcc/x86_64-conda-linux-gnu/9.3.0/../../../../x86_64-conda-linux-gnu/lib -L/opt/conda/envs/development/x86_64-conda-linux-gnu/sysroot/lib -L/opt/conda/envs/development/x86_64-conda-linux-gnu/sysroot/usr/lib -O2 --sort-common --as-needed -z relro -z now --disable-new-dtags --gc-sections -rpath /opt/conda/envs/development/lib -rpath-link /opt/conda/envs/development/lib CMakeFiles/cmTC_80ce2.dir/CMakeCXXCompilerABI.cpp.o -lstdc++ -lm -lgcc_s -lgcc -lc -lgcc_s -lgcc /opt/conda/envs/development/bin/../lib/gcc/x86_64-conda-linux-gnu/9.3.0/crtend.o /opt/conda/envs/development/x86_64-conda-linux-gnu/sysroot/usr/lib/../lib64/crtn.o
make[2]: Leaving directory '/workspaces/anguilla/_cxx_experiments_build/CMakeFiles/CMakeTmp'
make[1]: Leaving directory '/workspaces/anguilla/_cxx_experiments_build/CMakeFiles/CMakeTmp'



Parsed CXX implicit include dir info from above output: rv=done
  found start of include info
  found start of implicit include info
    add: [/opt/conda/envs/development/bin/../lib/gcc/x86_64-conda-linux-gnu/9.3.0/../../../../x86_64-conda-linux-gnu/include/c++/9.3.0]
    add: [/opt/conda/envs/development/bin/../lib/gcc/x86_64-conda-linux-gnu/9.3.0/../../../../x86_64-conda-linux-gnu/include/c++/9.3.0/x86_64-conda-linux-gnu]
    add: [/opt/conda/envs/development/bin/../lib/gcc/x86_64-conda-linux-gnu/9.3.0/../../../../x86_64-conda-linux-gnu/include/c++/9.3.0/backward]
    add: [/opt/conda/envs/development/lib/clang/11.0.1/include]
    add: [/opt/conda/envs/development/x86_64-conda-linux-gnu/sysroot/usr/include]
  end of search list found
  collapse include dir [/opt/conda/envs/development/bin/../lib/gcc/x86_64-conda-linux-gnu/9.3.0/../../../../x86_64-conda-linux-gnu/include/c++/9.3.0] ==> [/opt/conda/envs/development/x86_64-conda-linux-gnu/include/c++/9.3.0]
  collapse include dir [/opt/conda/envs/development/bin/../lib/gcc/x86_64-conda-linux-gnu/9.3.0/../../../../x86_64-conda-linux-gnu/include/c++/9.3.0/x86_64-conda-linux-gnu] ==> [/opt/conda/envs/development/x86_64-conda-linux-gnu/include/c++/9.3.0/x86_64-conda-linux-gnu]
  collapse include dir [/opt/conda/envs/development/bin/../lib/gcc/x86_64-conda-linux-gnu/9.3.0/../../../../x86_64-conda-linux-gnu/include/c++/9.3.0/backward] ==> [/opt/conda/envs/development/x86_64-conda-linux-gnu/include/c++/9.3.0/backward]
  collapse include dir [/opt/conda/envs/development/lib/clang/11.0.1/include] ==> [/opt/conda/envs/development/lib/clang/11.0.1/include]
  collapse include dir [/opt/conda/envs/development/x86_64-conda-linux-gnu/sysroot/usr/include] ==> [/opt/conda/envs/development/x86_64-conda-linux-gnu/sysroot/usr/include]
  implicit include dirs: [/opt/conda/envs/development/x86_64-conda-linux-gnu/include/c++/9.3.0;/opt/conda/envs/development/x86_64-conda-linux-gnu/include/c++/9.3.0/x86_64-conda-linux-gnu;/opt/conda/envs/development/x86_64-conda-linux-gnu/include/c++/9.3.0/backward;/opt/conda/envs/development/lib/clang/11.0.1/include;/opt/conda/envs/development/x86_64-conda-linux-gnu/sysroot/usr/include]


Parsed CXX implicit link information from above output:
  link line regex: [^( *|.*[/\])(CMAKE_LINKER-NOTFOUND|CMAKE_LINK_STARTFILE-NOTFOUND|([^/\]+-)?ld|collect2)[^/\]*( |$)]
  ignore line: [Change Dir: /workspaces/anguilla/_cxx_experiments_build/CMakeFiles/CMakeTmp]
  ignore line: []
  ignore line: [Run Build Command(s):/opt/conda/envs/development/bin/make cmTC_80ce2/fast && make[1]: Entering directory '/workspaces/anguilla/_cxx_experiments_build/CMakeFiles/CMakeTmp']
  ignore line: [/opt/conda/envs/development/bin/make  -f CMakeFiles/cmTC_80ce2.dir/build.make CMakeFiles/cmTC_80ce2.dir/build]
  ignore line: [make[2]: Entering directory '/workspaces/anguilla/_cxx_experiments_build/CMakeFiles/CMakeTmp']
  ignore line: [Building CXX object CMakeFiles/cmTC_80ce2.dir/CMakeCXXCompilerABI.cpp.o]
  ignore line: [/opt/conda/envs/development/bin/clang++   -stdlib=libstdc++    -v -std=gnu++17 -o CMakeFiles/cmTC_80ce2.dir/CMakeCXXCompilerABI.cpp.o -c /opt/conda/envs/development/share/cmake-3.19/Modules/CMakeCXXCompilerABI.cpp]
  ignore line: [clang version 11.0.1 (https://github.com/conda-forge/clangdev-feedstock 9fbb64b62ff49e9d206a06e62453b27557b3ed73)]
  ignore line: [Target: x86_64-unknown-linux-gnu]
  ignore line: [Thread model: posix]
  ignore line: [InstalledDir: /opt/conda/envs/development/bin]
  ignore line: [Found candidate GCC installation: /opt/conda/envs/development/bin/../lib/gcc/x86_64-conda-linux-gnu/9.3.0]
  ignore line: [Selected GCC installation: /opt/conda/envs/development/bin/../lib/gcc/x86_64-conda-linux-gnu/9.3.0]
  ignore line: [Candidate multilib: .]
  ignore line: [@m64]
  ignore line: [Selected multilib: .]
  ignore line: [@m64]
  ignore line: [ (in-process)]
  ignore line: [ "/opt/conda/envs/development/bin/clang-11" -cc1 -triple x86_64-unknown-linux-gnu -emit-obj -mrelax-all -disable-free -disable-llvm-verifier -discard-value-names -main-file-name CMakeCXXCompilerABI.cpp -mrelocation-model static -mframe-pointer=all -fmath-errno -fno-rounding-math -mconstructor-aliases -munwind-tables -target-cpu x86-64 -fno-split-dwarf-inlining -debugger-tuning=gdb -v -resource-dir /opt/conda/envs/development/lib/clang/11.0.1 -isysroot /opt/conda/envs/development/x86_64-conda-linux-gnu/sysroot -internal-isystem /opt/conda/envs/development/bin/../lib/gcc/x86_64-conda-linux-gnu/9.3.0/../../../../x86_64-conda-linux-gnu/include/c++/9.3.0 -internal-isystem /opt/conda/envs/development/bin/../lib/gcc/x86_64-conda-linux-gnu/9.3.0/../../../../x86_64-conda-linux-gnu/include/c++/9.3.0/x86_64-conda-linux-gnu -internal-isystem /opt/conda/envs/development/bin/../lib/gcc/x86_64-conda-linux-gnu/9.3.0/../../../../x86_64-conda-linux-gnu/include/c++/9.3.0/backward -internal-isystem /opt/conda/envs/development/x86_64-conda-linux-gnu/sysroot/usr/local/include -internal-isystem /opt/conda/envs/development/lib/clang/11.0.1/include -internal-externc-isystem /opt/conda/envs/development/x86_64-conda-linux-gnu/sysroot/include -internal-externc-isystem /opt/conda/envs/development/x86_64-conda-linux-gnu/sysroot/usr/include -std=gnu++17 -fdeprecated-macro -fdebug-compilation-dir /workspaces/anguilla/_cxx_experiments_build/CMakeFiles/CMakeTmp -ferror-limit 19 -fgnuc-version=4.2.1 -fcxx-exceptions -fexceptions -faddrsig -o CMakeFiles/cmTC_80ce2.dir/CMakeCXXCompilerABI.cpp.o -x c++ /opt/conda/envs/development/share/cmake-3.19/Modules/CMakeCXXCompilerABI.cpp]
  ignore line: [clang -cc1 version 11.0.1 based upon LLVM 11.0.1 default target x86_64-unknown-linux-gnu]
  ignore line: [ignoring nonexistent directory "/opt/conda/envs/development/x86_64-conda-linux-gnu/sysroot/usr/local/include"]
  ignore line: [ignoring nonexistent directory "/opt/conda/envs/development/x86_64-conda-linux-gnu/sysroot/include"]
  ignore line: [#include "..." search starts here:]
  ignore line: [#include <...> search starts here:]
  ignore line: [ /opt/conda/envs/development/bin/../lib/gcc/x86_64-conda-linux-gnu/9.3.0/../../../../x86_64-conda-linux-gnu/include/c++/9.3.0]
  ignore line: [ /opt/conda/envs/development/bin/../lib/gcc/x86_64-conda-linux-gnu/9.3.0/../../../../x86_64-conda-linux-gnu/include/c++/9.3.0/x86_64-conda-linux-gnu]
  ignore line: [ /opt/conda/envs/development/bin/../lib/gcc/x86_64-conda-linux-gnu/9.3.0/../../../../x86_64-conda-linux-gnu/include/c++/9.3.0/backward]
  ignore line: [ /opt/conda/envs/development/lib/clang/11.0.1/include]
  ignore line: [ /opt/conda/envs/development/x86_64-conda-linux-gnu/sysroot/usr/include]
  ignore line: [End of search list.]
  ignore line: [Linking CXX executable cmTC_80ce2]
  ignore line: [/opt/conda/envs/development/bin/cmake -E cmake_link_script CMakeFiles/cmTC_80ce2.dir/link.txt --verbose=1]
  ignore line: [/opt/conda/envs/development/bin/clang++ -stdlib=libstdc++  -Wl -O2 -Wl --sort-common -Wl --as-needed -Wl -z relro -Wl -z now -Wl --disable-new-dtags -Wl --gc-sections -Wl -rpath /opt/conda/envs/development/lib -Wl -rpath-link /opt/conda/envs/development/lib -L/opt/conda/envs/development/lib -v CMakeFiles/cmTC_80ce2.dir/CMakeCXXCompilerABI.cpp.o -o cmTC_80ce2 ]
  ignore line: [clang version 11.0.1 (https://github.com/conda-forge/clangdev-feedstock 9fbb64b62ff49e9d206a06e62453b27557b3ed73)]
  ignore line: [Target: x86_64-unknown-linux-gnu]
  ignore line: [Thread model: posix]
  ignore line: [InstalledDir: /opt/conda/envs/development/bin]
  ignore line: [Found candidate GCC installation: /opt/conda/envs/development/bin/../lib/gcc/x86_64-conda-linux-gnu/9.3.0]
  ignore line: [Selected GCC installation: /opt/conda/envs/development/bin/../lib/gcc/x86_64-conda-linux-gnu/9.3.0]
  ignore line: [Candidate multilib: .]
  ignore line: [@m64]
  ignore line: [Selected multilib: .]
  ignore line: [@m64]
  link line: [ "/opt/conda/envs/development/bin/../lib/gcc/x86_64-conda-linux-gnu/9.3.0/../../../../x86_64-conda-linux-gnu/bin/ld" --sysroot=/opt/conda/envs/development/x86_64-conda-linux-gnu/sysroot -z relro --hash-style=gnu --eh-frame-hdr -m elf_x86_64 -dynamic-linker /lib64/ld-linux-x86-64.so.2 -o cmTC_80ce2 /opt/conda/envs/development/x86_64-conda-linux-gnu/sysroot/usr/lib/../lib64/crt1.o /opt/conda/envs/development/x86_64-conda-linux-gnu/sysroot/usr/lib/../lib64/crti.o /opt/conda/envs/development/bin/../lib/gcc/x86_64-conda-linux-gnu/9.3.0/crtbegin.o -L/opt/conda/envs/development/lib -L/opt/conda/envs/development/bin/../lib/gcc/x86_64-conda-linux-gnu/9.3.0 -L/opt/conda/envs/development/x86_64-conda-linux-gnu/sysroot/lib/../lib64 -L/opt/conda/envs/development/x86_64-conda-linux-gnu/sysroot/usr/lib/../lib64 -L/opt/conda/envs/development/bin/../lib/gcc/x86_64-conda-linux-gnu/9.3.0/../../../../x86_64-conda-linux-gnu/lib -L/opt/conda/envs/development/x86_64-conda-linux-gnu/sysroot/lib -L/opt/conda/envs/development/x86_64-conda-linux-gnu/sysroot/usr/lib -O2 --sort-common --as-needed -z relro -z now --disable-new-dtags --gc-sections -rpath /opt/conda/envs/development/lib -rpath-link /opt/conda/envs/development/lib CMakeFiles/cmTC_80ce2.dir/CMakeCXXCompilerABI.cpp.o -lstdc++ -lm -lgcc_s -lgcc -lc -lgcc_s -lgcc /opt/conda/envs/development/bin/../lib/gcc/x86_64-conda-linux-gnu/9.3.0/crtend.o /opt/conda/envs/development/x86_64-conda-linux-gnu/sysroot/usr/lib/../lib64/crtn.o]
    arg [/opt/conda/envs/development/bin/../lib/gcc/x86_64-conda-linux-gnu/9.3.0/../../../../x86_64-conda-linux-gnu/bin/ld] ==> ignore
    arg [--sysroot=/opt/conda/envs/development/x86_64-conda-linux-gnu/sysroot] ==> ignore
    arg [-zrelro] ==> ignore
    arg [--hash-style=gnu] ==> ignore
    arg [--eh-frame-hdr] ==> ignore
    arg [-m] ==> ignore
    arg [elf_x86_64] ==> ignore
    arg [-dynamic-linker] ==> ignore
    arg [/lib64/ld-linux-x86-64.so.2] ==> ignore
    arg [-o] ==> ignore
    arg [cmTC_80ce2] ==> ignore
    arg [/opt/conda/envs/development/x86_64-conda-linux-gnu/sysroot/usr/lib/../lib64/crt1.o] ==> ignore
    arg [/opt/conda/envs/development/x86_64-conda-linux-gnu/sysroot/usr/lib/../lib64/crti.o] ==> ignore
    arg [/opt/conda/envs/development/bin/../lib/gcc/x86_64-conda-linux-gnu/9.3.0/crtbegin.o] ==> ignore
    arg [-L/opt/conda/envs/development/lib] ==> dir [/opt/conda/envs/development/lib]
    arg [-L/opt/conda/envs/development/bin/../lib/gcc/x86_64-conda-linux-gnu/9.3.0] ==> dir [/opt/conda/envs/development/bin/../lib/gcc/x86_64-conda-linux-gnu/9.3.0]
    arg [-L/opt/conda/envs/development/x86_64-conda-linux-gnu/sysroot/lib/../lib64] ==> dir [/opt/conda/envs/development/x86_64-conda-linux-gnu/sysroot/lib/../lib64]
    arg [-L/opt/conda/envs/development/x86_64-conda-linux-gnu/sysroot/usr/lib/../lib64] ==> dir [/opt/conda/envs/development/x86_64-conda-linux-gnu/sysroot/usr/lib/../lib64]
    arg [-L/opt/conda/envs/development/bin/../lib/gcc/x86_64-conda-linux-gnu/9.3.0/../../../../x86_64-conda-linux-gnu/lib] ==> dir [/opt/conda/envs/development/bin/../lib/gcc/x86_64-conda-linux-gnu/9.3.0/../../../../x86_64-conda-linux-gnu/lib]
    arg [-L/opt/conda/envs/development/x86_64-conda-linux-gnu/sysroot/lib] ==> dir [/opt/conda/envs/development/x86_64-conda-linux-gnu/sysroot/lib]
    arg [-L/opt/conda/envs/development/x86_64-conda-linux-gnu/sysroot/usr/lib] ==> dir [/opt/conda/envs/development/x86_64-conda-linux-gnu/sysroot/usr/lib]
    arg [-O2] ==> ignore
    arg [--sort-common] ==> ignore
    arg [--as-needed] ==> ignore
    arg [-zrelro] ==> ignore
    arg [-znow] ==> ignore
    arg [--disable-new-dtags] ==> ignore
    arg [--gc-sections] ==> ignore
    arg [-rpath] ==> ignore
    arg [/opt/conda/envs/development/lib] ==> ignore
    arg [-rpath-link] ==> ignore
    arg [/opt/conda/envs/development/lib] ==> ignore
    arg [CMakeFiles/cmTC_80ce2.dir/CMakeCXXCompilerABI.cpp.o] ==> ignore
    arg [-lstdc++] ==> lib [stdc++]
    arg [-lm] ==> lib [m]
    arg [-lgcc_s] ==> lib [gcc_s]
    arg [-lgcc] ==> lib [gcc]
    arg [-lc] ==> lib [c]
    arg [-lgcc_s] ==> lib [gcc_s]
    arg [-lgcc] ==> lib [gcc]
    arg [/opt/conda/envs/development/bin/../lib/gcc/x86_64-conda-linux-gnu/9.3.0/crtend.o] ==> ignore
    arg [/opt/conda/envs/development/x86_64-conda-linux-gnu/sysroot/usr/lib/../lib64/crtn.o] ==> ignore
  collapse library dir [/opt/conda/envs/development/lib] ==> [/opt/conda/envs/development/lib]
  collapse library dir [/opt/conda/envs/development/bin/../lib/gcc/x86_64-conda-linux-gnu/9.3.0] ==> [/opt/conda/envs/development/lib/gcc/x86_64-conda-linux-gnu/9.3.0]
  collapse library dir [/opt/conda/envs/development/x86_64-conda-linux-gnu/sysroot/lib/../lib64] ==> [/opt/conda/envs/development/x86_64-conda-linux-gnu/sysroot/lib64]
  collapse library dir [/opt/conda/envs/development/x86_64-conda-linux-gnu/sysroot/usr/lib/../lib64] ==> [/opt/conda/envs/development/x86_64-conda-linux-gnu/sysroot/usr/lib64]
  collapse library dir [/opt/conda/envs/development/bin/../lib/gcc/x86_64-conda-linux-gnu/9.3.0/../../../../x86_64-conda-linux-gnu/lib] ==> [/opt/conda/envs/development/x86_64-conda-linux-gnu/lib]
  collapse library dir [/opt/conda/envs/development/x86_64-conda-linux-gnu/sysroot/lib] ==> [/opt/conda/envs/development/x86_64-conda-linux-gnu/sysroot/lib]
  collapse library dir [/opt/conda/envs/development/x86_64-conda-linux-gnu/sysroot/usr/lib] ==> [/opt/conda/envs/development/x86_64-conda-linux-gnu/sysroot/usr/lib]
  implicit libs: [stdc++;m;gcc_s;gcc;c;gcc_s;gcc]
  implicit dirs: [/opt/conda/envs/development/lib;/opt/conda/envs/development/lib/gcc/x86_64-conda-linux-gnu/9.3.0;/opt/conda/envs/development/x86_64-conda-linux-gnu/sysroot/lib64;/opt/conda/envs/development/x86_64-conda-linux-gnu/sysroot/usr/lib64;/opt/conda/envs/development/x86_64-conda-linux-gnu/lib;/opt/conda/envs/development/x86_64-conda-linux-gnu/sysroot/lib;/opt/conda/envs/development/x86_64-conda-linux-gnu/sysroot/usr/lib]
  implicit fwks: []


